-------------------------------------------------------------------------------
Test set: service.PacienteServiceTest
-------------------------------------------------------------------------------
Tests run: 3, Failures: 1, Errors: 0, Skipped: 0, Time elapsed: 1.993 s <<< FAILURE! - in service.PacienteServiceTest
buscarTodosTest  Time elapsed: 0.881 s  <<< FAILURE!
org.opentest4j.AssertionFailedError: expected: <true> but was: <false>
	at service.PacienteServiceTest.buscarTodosTest(PacienteServiceTest.java:113)

